<?xml version="1.0" encoding="utf-8"?>
<CoverageSession xmlns:xsd="http://www.w3.org/2001/XMLSchema" xmlns:xsi="http://www.w3.org/2001/XMLSchema-instance">
  <Summary numSequencePoints="1908" visitedSequencePoints="668" numBranchPoints="834" visitedBranchPoints="316" sequenceCoverage="35.01" branchCoverage="37.89" maxCyclomaticComplexity="16" minCyclomaticComplexity="1" />
  <Modules>
      <Module hash="94-80-8A-2F-CC-1C-16-56-0A-CB-EE-0F-A9-1F-74-8A-E5-99-8F-E4">
          <Summary numSequencePoints="954" visitedSequencePoints="526" numBranchPoints="417" visitedBranchPoints="229" sequenceCoverage="55.14" branchCoverage="54.92" maxCyclomaticComplexity="16" minCyclomaticComplexity="1" />
          <FullName>C:\Jenkins\workspace\Test.dll</FullName>
          <ModuleName>Test</ModuleName>
          <Classes>
              <Class>
                  <Summary numSequencePoints="39" visitedSequencePoints="39" numBranchPoints="51" visitedBranchPoints="51" sequenceCoverage="40" branchCoverage="40" maxCyclomaticComplexity="16" minCyclomaticComplexity="1" />
                  <FullName>Test.AutoMapperConfig</FullName>
                  <Methods>
                      <Method visited="true" cyclomaticComplexity="16" sequenceCoverage="40" branchCoverage="40" isConstructor="false" isStatic="true" isGetter="false" isSetter="false">
                          <Summary numSequencePoints="10" visitedSequencePoints="10" numBranchPoints="31" visitedBranchPoints="31" sequenceCoverage="100" branchCoverage="50" maxCyclomaticComplexity="16" minCyclomaticComplexity="16" />
                          <MetadataToken>100663297</MetadataToken>
                          <Name>System.Void Test.AutoMapperConfig::CreateMaps()</Name>
                      </Method>
                      <Method visited="true" cyclomaticComplexity="3" sequenceCoverage="40" branchCoverage="40" isConstructor="false" isStatic="true" isGetter="false" isSetter="false">
                          <Summary numSequencePoints="14" visitedSequencePoints="14" numBranchPoints="5" visitedBranchPoints="5" sequenceCoverage="100" branchCoverage="60" maxCyclomaticComplexity="3" minCyclomaticComplexity="3" />
                          <MetadataToken>100663298</MetadataToken>
                          <Name>System.String Test.AutoMapperConfig::ShortenText(System.String)</Name>
                      </Method>
                  </Methods>
              </Class>
              <Class>
                  <Summary numSequencePoints="10" visitedSequencePoints="20" numBranchPoints="21" visitedBranchPoints="21" sequenceCoverage="30" branchCoverage="30" maxCyclomaticComplexity="16" minCyclomaticComplexity="1" />
                  <FullName>Test.Data.Encryptor</FullName>
                  <Methods>
                      <Method visited="true" cyclomaticComplexity="16" sequenceCoverage="30" branchCoverage="30" isConstructor="false" isStatic="true" isGetter="false" isSetter="false">
                          <Summary numSequencePoints="10" visitedSequencePoints="10" numBranchPoints="31" visitedBranchPoints="31" sequenceCoverage="100" branchCoverage="30" maxCyclomaticComplexity="16" minCyclomaticComplexity="16" />
                          <MetadataToken>100663297</MetadataToken>
                          <Name>System.Int32 Test.Data.AutoMapperConfig::CreateMaps()</Name>
                      </Method>
                  </Methods>
              </Class>
          </Classes>
      </Module>
  </Modules>
</CoverageSession>